  [1m[35m (9.7ms)[0m  [1m[35mCREATE TABLE "schema_migrations" ("version" varchar NOT NULL PRIMARY KEY)[0m
  [1m[35m (7.5ms)[0m  [1m[35mCREATE TABLE "ar_internal_metadata" ("key" varchar NOT NULL PRIMARY KEY, "value" varchar, "created_at" datetime(6) NOT NULL, "updated_at" datetime(6) NOT NULL)[0m
  [1m[36mActiveRecord::SchemaMigration Pluck (0.1ms)[0m  [1m[34mSELECT "schema_migrations"."version" FROM "schema_migrations" ORDER BY "schema_migrations"."version" ASC[0m
Migrating to CreatePosts (20230802100004)
  [1m[36mTRANSACTION (0.0ms)[0m  [1m[36mbegin transaction[0m
  [1m[35m (0.2ms)[0m  [1m[35mCREATE TABLE "posts" ("id" integer PRIMARY KEY AUTOINCREMENT NOT NULL, "title" varchar, "content" text, "created_at" datetime(6) NOT NULL, "updated_at" datetime(6) NOT NULL)[0m
  [1m[36mActiveRecord::SchemaMigration Create (0.1ms)[0m  [1m[32mINSERT INTO "schema_migrations" ("version") VALUES (?)[0m  [["version", "20230802100004"]]
  [1m[36mTRANSACTION (12.4ms)[0m  [1m[36mcommit transaction[0m
  [1m[36mActiveRecord::InternalMetadata Load (0.2ms)[0m  [1m[34mSELECT "ar_internal_metadata".* FROM "ar_internal_metadata" WHERE "ar_internal_metadata"."key" = ? LIMIT ?[0m  [["key", "environment"], ["LIMIT", 1]]
  [1m[36mTRANSACTION (0.0ms)[0m  [1m[36mbegin transaction[0m
  [1m[36mActiveRecord::InternalMetadata Create (0.2ms)[0m  [1m[32mINSERT INTO "ar_internal_metadata" ("key", "value", "created_at", "updated_at") VALUES (?, ?, ?, ?)[0m  [["key", "environment"], ["value", "development"], ["created_at", "2023-08-02 10:02:44.798972"], ["updated_at", "2023-08-02 10:02:44.798972"]]
  [1m[36mTRANSACTION (11.8ms)[0m  [1m[36mcommit transaction[0m
  [1m[36mActiveRecord::SchemaMigration Pluck (0.0ms)[0m  [1m[34mSELECT "schema_migrations"."version" FROM "schema_migrations" ORDER BY "schema_migrations"."version" ASC[0m
Started GET "/" for ::1 at 2023-08-02 12:07:22 +0200
  [1m[36mActiveRecord::SchemaMigration Pluck (0.3ms)[0m  [1m[34mSELECT "schema_migrations"."version" FROM "schema_migrations" ORDER BY "schema_migrations"."version" ASC[0m
Processing by Rails::WelcomeController#index as HTML
  Rendering /home/chakama/.rvm/gems/ruby-3.2.2/gems/railties-7.0.6/lib/rails/templates/rails/welcome/index.html.erb
  Rendered /home/chakama/.rvm/gems/ruby-3.2.2/gems/railties-7.0.6/lib/rails/templates/rails/welcome/index.html.erb (Duration: 1.9ms | Allocations: 633)
Completed 200 OK in 15ms (Views: 5.7ms | ActiveRecord: 0.0ms | Allocations: 7385)


Started GET "/posts" for ::1 at 2023-08-02 12:07:31 +0200
Processing by PostsController#index as HTML
  Rendering layout layouts/application.html.erb
  Rendering posts/index.html.erb within layouts/application
  [1m[36mPost Load (2.4ms)[0m  [1m[34mSELECT "posts".* FROM "posts"[0m
  ↳ app/views/posts/index.html.erb:6
  Rendered posts/index.html.erb within layouts/application (Duration: 4.9ms | Allocations: 1317)
  Rendered layout layouts/application.html.erb (Duration: 200.2ms | Allocations: 91126)
Completed 200 OK in 203ms (Views: 198.8ms | ActiveRecord: 2.4ms | Allocations: 92812)


Started GET "/posts/new" for ::1 at 2023-08-02 12:07:35 +0200
Processing by PostsController#new as HTML
  Rendering layout layouts/application.html.erb
  Rendering posts/new.html.erb within layouts/application
  Rendered posts/_form.html.erb (Duration: 3.8ms | Allocations: 2902)
  Rendered posts/new.html.erb within layouts/application (Duration: 4.5ms | Allocations: 3227)
  Rendered layout layouts/application.html.erb (Duration: 5.9ms | Allocations: 5333)
Completed 200 OK in 16ms (Views: 6.3ms | ActiveRecord: 0.6ms | Allocations: 9895)


Started POST "/posts" for ::1 at 2023-08-02 12:07:54 +0200
Processing by PostsController#create as TURBO_STREAM
  Parameters: {"authenticity_token"=>"[FILTERED]", "post"=>{"title"=>"New Posts", "content"=>"Well hello there"}, "commit"=>"Create Post"}
  [1m[36mTRANSACTION (0.0ms)[0m  [1m[36mbegin transaction[0m
  ↳ app/controllers/posts_controller.rb:27:in `block in create'
  [1m[36mPost Create (0.2ms)[0m  [1m[32mINSERT INTO "posts" ("title", "content", "created_at", "updated_at") VALUES (?, ?, ?, ?)[0m  [["title", "New Posts"], ["content", "Well hello there"], ["created_at", "2023-08-02 10:07:54.066480"], ["updated_at", "2023-08-02 10:07:54.066480"]]
  ↳ app/controllers/posts_controller.rb:27:in `block in create'
  [1m[36mTRANSACTION (11.4ms)[0m  [1m[36mcommit transaction[0m
  ↳ app/controllers/posts_controller.rb:27:in `block in create'
Redirected to http://localhost:3000/posts/1
Completed 302 Found in 15ms (ActiveRecord: 11.6ms | Allocations: 3685)


Started GET "/posts/1" for ::1 at 2023-08-02 12:07:54 +0200
Processing by PostsController#show as TURBO_STREAM
  Parameters: {"id"=>"1"}
  [1m[36mPost Load (0.2ms)[0m  [1m[34mSELECT "posts".* FROM "posts" WHERE "posts"."id" = ? LIMIT ?[0m  [["id", 1], ["LIMIT", 1]]
  ↳ app/controllers/posts_controller.rb:63:in `set_post'
  Rendering layout layouts/application.html.erb
  Rendering posts/show.html.erb within layouts/application
  Rendered posts/_post.html.erb (Duration: 0.5ms | Allocations: 194)
  Rendered posts/show.html.erb within layouts/application (Duration: 3.1ms | Allocations: 1402)
  Rendered layout layouts/application.html.erb (Duration: 4.9ms | Allocations: 3500)
Completed 200 OK in 8ms (Views: 5.3ms | ActiveRecord: 0.2ms | Allocations: 6119)


Started GET "/posts" for ::1 at 2023-08-02 12:07:58 +0200
Processing by PostsController#index as HTML
  Rendering layout layouts/application.html.erb
  Rendering posts/index.html.erb within layouts/application
  [1m[36mPost Load (0.2ms)[0m  [1m[34mSELECT "posts".* FROM "posts"[0m
  ↳ app/views/posts/index.html.erb:6
  Rendered posts/_post.html.erb (Duration: 0.1ms | Allocations: 20)
  Rendered posts/index.html.erb within layouts/application (Duration: 2.7ms | Allocations: 927)
  Rendered layout layouts/application.html.erb (Duration: 5.4ms | Allocations: 3049)
Completed 200 OK in 6ms (Views: 5.7ms | ActiveRecord: 0.2ms | Allocations: 3328)


Started GET "/posts/new" for ::1 at 2023-08-02 12:08:02 +0200
Processing by PostsController#new as HTML
  Rendering layout layouts/application.html.erb
  Rendering posts/new.html.erb within layouts/application
  Rendered posts/_form.html.erb (Duration: 1.2ms | Allocations: 996)
  Rendered posts/new.html.erb within layouts/application (Duration: 1.3ms | Allocations: 1085)
  Rendered layout layouts/application.html.erb (Duration: 2.9ms | Allocations: 3196)
Completed 200 OK in 4ms (Views: 3.2ms | ActiveRecord: 0.0ms | Allocations: 3471)


Started POST "/posts" for ::1 at 2023-08-02 12:08:14 +0200
Processing by PostsController#create as TURBO_STREAM
  Parameters: {"authenticity_token"=>"[FILTERED]", "post"=>{"title"=>"Another 1 ?", "content"=>"Well this is nice "}, "commit"=>"Create Post"}
  [1m[36mTRANSACTION (0.1ms)[0m  [1m[36mbegin transaction[0m
  ↳ app/controllers/posts_controller.rb:27:in `block in create'
  [1m[36mPost Create (0.5ms)[0m  [1m[32mINSERT INTO "posts" ("title", "content", "created_at", "updated_at") VALUES (?, ?, ?, ?)[0m  [["title", "Another 1 ?"], ["content", "Well this is nice "], ["created_at", "2023-08-02 10:08:14.179446"], ["updated_at", "2023-08-02 10:08:14.179446"]]
  ↳ app/controllers/posts_controller.rb:27:in `block in create'
  [1m[36mTRANSACTION (9.5ms)[0m  [1m[36mcommit transaction[0m
  ↳ app/controllers/posts_controller.rb:27:in `block in create'
Redirected to http://localhost:3000/posts/2
Completed 302 Found in 17ms (ActiveRecord: 10.2ms | Allocations: 2284)


Started GET "/posts/2" for ::1 at 2023-08-02 12:08:14 +0200
Processing by PostsController#show as TURBO_STREAM
  Parameters: {"id"=>"2"}
  [1m[36mPost Load (0.1ms)[0m  [1m[34mSELECT "posts".* FROM "posts" WHERE "posts"."id" = ? LIMIT ?[0m  [["id", 2], ["LIMIT", 1]]
  ↳ app/controllers/posts_controller.rb:63:in `set_post'
  Rendering layout layouts/application.html.erb
  Rendering posts/show.html.erb within layouts/application
  Rendered posts/_post.html.erb (Duration: 0.1ms | Allocations: 20)
  Rendered posts/show.html.erb within layouts/application (Duration: 1.5ms | Allocations: 600)
  Rendered layout layouts/application.html.erb (Duration: 4.6ms | Allocations: 2697)
Completed 200 OK in 7ms (Views: 5.2ms | ActiveRecord: 0.1ms | Allocations: 3442)


Started GET "/posts" for ::1 at 2023-08-02 12:08:16 +0200
Processing by PostsController#index as HTML
  Rendering layout layouts/application.html.erb
  Rendering posts/index.html.erb within layouts/application
  [1m[36mPost Load (0.1ms)[0m  [1m[34mSELECT "posts".* FROM "posts"[0m
  ↳ app/views/posts/index.html.erb:6
  Rendered posts/_post.html.erb (Duration: 0.0ms | Allocations: 20)
  Rendered posts/_post.html.erb (Duration: 0.0ms | Allocations: 19)
  Rendered posts/index.html.erb within layouts/application (Duration: 1.2ms | Allocations: 1056)
  Rendered layout layouts/application.html.erb (Duration: 2.7ms | Allocations: 3161)
Completed 200 OK in 4ms (Views: 3.2ms | ActiveRecord: 0.1ms | Allocations: 3432)


Started GET "/posts" for ::1 at 2023-08-02 12:08:32 +0200
Processing by PostsController#index as HTML
  Rendering layout layouts/application.html.erb
  Rendering posts/index.html.erb within layouts/application
  [1m[36mPost Load (0.2ms)[0m  [1m[34mSELECT "posts".* FROM "posts"[0m
  ↳ app/views/posts/index.html.erb:6
  Rendered posts/_post.html.erb (Duration: 0.1ms | Allocations: 20)
  Rendered posts/_post.html.erb (Duration: 0.1ms | Allocations: 19)
  Rendered posts/index.html.erb within layouts/application (Duration: 8.3ms | Allocations: 1212)
  Rendered layout layouts/application.html.erb (Duration: 17.1ms | Allocations: 3327)
Completed 200 OK in 19ms (Views: 17.7ms | ActiveRecord: 0.2ms | Allocations: 3596)


Started GET "/posts/new" for ::1 at 2023-08-02 12:09:40 +0200
Processing by PostsController#new as HTML
  Rendering layout layouts/application.html.erb
  Rendering posts/new.html.erb within layouts/application
  Rendered posts/_form.html.erb (Duration: 0.9ms | Allocations: 1084)
  Rendered posts/new.html.erb within layouts/application (Duration: 1.1ms | Allocations: 1188)
  Rendered layout layouts/application.html.erb (Duration: 6.5ms | Allocations: 14188)
Completed 200 OK in 10ms (Views: 7.4ms | ActiveRecord: 0.4ms | Allocations: 17094)


Started POST "/posts" for ::1 at 2023-08-02 12:09:42 +0200
Processing by PostsController#create as TURBO_STREAM
  Parameters: {"authenticity_token"=>"[FILTERED]", "post"=>{"title"=>"", "content"=>""}, "commit"=>"Create Post"}
  Rendering layout layouts/application.html.erb
  Rendering posts/new.html.erb within layouts/application
  Rendered posts/_form.html.erb (Duration: 2.0ms | Allocations: 2584)
  Rendered posts/new.html.erb within layouts/application (Duration: 2.3ms | Allocations: 2673)
  Rendered layout layouts/application.html.erb (Duration: 4.1ms | Allocations: 4770)
Completed 422 Unprocessable Entity in 6ms (Views: 4.4ms | ActiveRecord: 0.0ms | Allocations: 6016)


Started GET "/posts" for ::1 at 2023-08-02 12:13:50 +0200
Processing by PostsController#index as HTML
  Rendering layout layouts/application.html.erb
  Rendering posts/index.html.erb within layouts/application
  [1m[36mPost Load (0.1ms)[0m  [1m[34mSELECT "posts".* FROM "posts"[0m
  ↳ app/views/posts/index.html.erb:6
  Rendered posts/_post.html.erb (Duration: 0.3ms | Allocations: 183)
  Rendered posts/_post.html.erb (Duration: 0.0ms | Allocations: 19)
  Rendered posts/index.html.erb within layouts/application (Duration: 2.0ms | Allocations: 1952)
  Rendered layout layouts/application.html.erb (Duration: 24.7ms | Allocations: 13396)
Completed 500 Internal Server Error in 26ms (ActiveRecord: 0.1ms | Allocations: 14282)


  
ActionView::Template::Error (The asset "custom.css" is not present in the asset pipeline.
):
    13:     <%= stylesheet_link_tag 'application', media: 'all', 'data-turbolinks-track': 'reload' %>
    14:   <%= javascript_include_tag 'application', 'data-turbolinks-track': 'reload' %>
    15:   <!-- Include Bootstrap CSS -->
    16:   <%= stylesheet_link_tag 'custom', media: 'all' %>
    17:   </head>
    18: 
    19:   <body>
  
app/views/layouts/application.html.erb:16
Started GET "/posts" for ::1 at 2023-08-02 12:14:38 +0200
Processing by PostsController#index as HTML
  Rendering layout layouts/application.html.erb
  Rendering posts/index.html.erb within layouts/application
  [1m[36mPost Load (0.2ms)[0m  [1m[34mSELECT "posts".* FROM "posts"[0m
  ↳ app/views/posts/index.html.erb:6
  Rendered posts/_post.html.erb (Duration: 0.9ms | Allocations: 180)
  Rendered posts/_post.html.erb (Duration: 0.1ms | Allocations: 19)
  Rendered posts/index.html.erb within layouts/application (Duration: 5.3ms | Allocations: 1811)
  Rendered layout layouts/application.html.erb (Duration: 10.8ms | Allocations: 6000)
Completed 500 Internal Server Error in 14ms (ActiveRecord: 0.2ms | Allocations: 6822)


  
ActionView::Template::Error (The asset "custom.css" is not present in the asset pipeline.
):
    10:     <%= javascript_importmap_tags %>
    11:     
    12:     <!-- Include Bootstrap CSS -->
    13:   <%= stylesheet_link_tag 'custom', media: 'all' %>
    14:   </head>
    15: 
    16:   <body>
  
app/views/layouts/application.html.erb:13
Started GET "/posts" for ::1 at 2023-08-02 12:15:43 +0200
Processing by PostsController#index as HTML
  Rendering layout layouts/application.html.erb
  Rendering posts/index.html.erb within layouts/application
  [1m[36mPost Load (0.3ms)[0m  [1m[34mSELECT "posts".* FROM "posts"[0m
  ↳ app/views/posts/index.html.erb:6
  Rendered posts/_post.html.erb (Duration: 0.2ms | Allocations: 20)
  Rendered posts/_post.html.erb (Duration: 0.1ms | Allocations: 19)
  Rendered posts/index.html.erb within layouts/application (Duration: 4.1ms | Allocations: 1314)
  Rendered layout layouts/application.html.erb (Duration: 15.4ms | Allocations: 8687)
Completed 500 Internal Server Error in 16ms (ActiveRecord: 0.3ms | Allocations: 8932)


  
LoadError (cannot load such file -- sassc):
  
app/views/layouts/application.html.erb:9
Started GET "/posts" for ::1 at 2023-08-02 12:16:17 +0200
Processing by PostsController#index as HTML
  Rendering layout layouts/application.html.erb
  Rendering posts/index.html.erb within layouts/application
  [1m[36mPost Load (0.1ms)[0m  [1m[34mSELECT "posts".* FROM "posts"[0m
  ↳ app/views/posts/index.html.erb:6
  Rendered posts/_post.html.erb (Duration: 0.4ms | Allocations: 180)
  Rendered posts/_post.html.erb (Duration: 0.1ms | Allocations: 19)
  Rendered posts/index.html.erb within layouts/application (Duration: 2.9ms | Allocations: 1810)
  Rendered layout layouts/application.html.erb (Duration: 10.4ms | Allocations: 8663)
Completed 500 Internal Server Error in 12ms (ActiveRecord: 0.1ms | Allocations: 9481)


  
LoadError (cannot load such file -- sassc):
  
app/views/layouts/application.html.erb:9
Started POST "/__web_console/repl_sessions/66f5997e2e9e565ab2489b2b39576a01/trace" for ::1 at 2023-08-02 12:16:26 +0200
Started GET "/posts" for ::1 at 2023-08-02 12:16:32 +0200
Processing by PostsController#index as HTML
  Rendering layout layouts/application.html.erb
  Rendering posts/index.html.erb within layouts/application
  [1m[36mPost Load (0.1ms)[0m  [1m[34mSELECT "posts".* FROM "posts"[0m
  ↳ app/views/posts/index.html.erb:6
  Rendered posts/_post.html.erb (Duration: 0.0ms | Allocations: 20)
  Rendered posts/_post.html.erb (Duration: 0.0ms | Allocations: 19)
  Rendered posts/index.html.erb within layouts/application (Duration: 1.6ms | Allocations: 1314)
  Rendered layout layouts/application.html.erb (Duration: 3.6ms | Allocations: 3572)
Completed 500 Internal Server Error in 4ms (ActiveRecord: 0.1ms | Allocations: 3815)


  
LoadError (cannot load such file -- sassc):
  
app/views/layouts/application.html.erb:9
Started GET "/posts" for ::1 at 2023-08-02 12:16:33 +0200
Processing by PostsController#index as HTML
  Rendering layout layouts/application.html.erb
  Rendering posts/index.html.erb within layouts/application
  [1m[36mPost Load (0.1ms)[0m  [1m[34mSELECT "posts".* FROM "posts"[0m
  ↳ app/views/posts/index.html.erb:6
  Rendered posts/_post.html.erb (Duration: 0.1ms | Allocations: 20)
  Rendered posts/_post.html.erb (Duration: 0.0ms | Allocations: 19)
  Rendered posts/index.html.erb within layouts/application (Duration: 2.0ms | Allocations: 1314)
  Rendered layout layouts/application.html.erb (Duration: 3.8ms | Allocations: 3570)
Completed 500 Internal Server Error in 5ms (ActiveRecord: 0.1ms | Allocations: 3812)


  
LoadError (cannot load such file -- sassc):
  
app/views/layouts/application.html.erb:9
Started GET "/posts" for ::1 at 2023-08-02 12:16:34 +0200
Processing by PostsController#index as HTML
  Rendering layout layouts/application.html.erb
  Rendering posts/index.html.erb within layouts/application
  [1m[36mPost Load (0.0ms)[0m  [1m[34mSELECT "posts".* FROM "posts"[0m
  ↳ app/views/posts/index.html.erb:6
  Rendered posts/_post.html.erb (Duration: 0.0ms | Allocations: 20)
  Rendered posts/_post.html.erb (Duration: 0.0ms | Allocations: 19)
  Rendered posts/index.html.erb within layouts/application (Duration: 2.2ms | Allocations: 2118)
  Rendered layout layouts/application.html.erb (Duration: 5.1ms | Allocations: 7185)
Completed 500 Internal Server Error in 6ms (ActiveRecord: 0.5ms | Allocations: 8887)


  
LoadError (cannot load such file -- sassc):
  
app/views/layouts/application.html.erb:9
Started GET "/posts" for ::1 at 2023-08-02 12:16:56 +0200
Processing by PostsController#index as HTML
  Rendering layout layouts/application.html.erb
  Rendering posts/index.html.erb within layouts/application
  [1m[36mPost Load (0.1ms)[0m  [1m[34mSELECT "posts".* FROM "posts"[0m
  ↳ app/views/posts/index.html.erb:6
  Rendered posts/_post.html.erb (Duration: 0.6ms | Allocations: 180)
  Rendered posts/_post.html.erb (Duration: 0.1ms | Allocations: 19)
  Rendered posts/index.html.erb within layouts/application (Duration: 4.0ms | Allocations: 1810)
  Rendered layout layouts/application.html.erb (Duration: 10.5ms | Allocations: 8636)
Completed 500 Internal Server Error in 13ms (ActiveRecord: 0.1ms | Allocations: 9454)


  
LoadError (cannot load such file -- sassc):
  
app/views/layouts/application.html.erb:9
Started GET "/posts" for ::1 at 2023-08-02 12:16:58 +0200
Processing by PostsController#index as HTML
  Rendering layout layouts/application.html.erb
  Rendering posts/index.html.erb within layouts/application
  [1m[36mPost Load (0.1ms)[0m  [1m[34mSELECT "posts".* FROM "posts"[0m
  ↳ app/views/posts/index.html.erb:6
  Rendered posts/_post.html.erb (Duration: 0.1ms | Allocations: 20)
  Rendered posts/_post.html.erb (Duration: 0.0ms | Allocations: 19)
  Rendered posts/index.html.erb within layouts/application (Duration: 1.8ms | Allocations: 1314)
  Rendered layout layouts/application.html.erb (Duration: 3.6ms | Allocations: 3570)
Completed 500 Internal Server Error in 4ms (ActiveRecord: 0.1ms | Allocations: 3813)


  
LoadError (cannot load such file -- sassc):
  
app/views/layouts/application.html.erb:9
Started GET "/posts" for ::1 at 2023-08-02 12:17:08 +0200
Processing by PostsController#index as HTML
  Rendering layout layouts/application.html.erb
  Rendering posts/index.html.erb within layouts/application
  [1m[36mPost Load (0.1ms)[0m  [1m[34mSELECT "posts".* FROM "posts"[0m
  ↳ app/views/posts/index.html.erb:6
  Rendered posts/_post.html.erb (Duration: 0.5ms | Allocations: 180)
  Rendered posts/_post.html.erb (Duration: 0.0ms | Allocations: 19)
  Rendered posts/index.html.erb within layouts/application (Duration: 3.2ms | Allocations: 1810)
  Rendered layout layouts/application.html.erb (Duration: 7.3ms | Allocations: 4360)
Completed 500 Internal Server Error in 9ms (ActiveRecord: 0.1ms | Allocations: 5178)


  
LoadError (cannot load such file -- sassc):
  
app/views/layouts/application.html.erb:9
Started GET "/posts" for ::1 at 2023-08-02 12:17:18 +0200
Processing by PostsController#index as HTML
  Rendering layout layouts/application.html.erb
  Rendering posts/index.html.erb within layouts/application
  [1m[36mPost Load (0.1ms)[0m  [1m[34mSELECT "posts".* FROM "posts"[0m
  ↳ app/views/posts/index.html.erb:6
  Rendered posts/_post.html.erb (Duration: 2.3ms | Allocations: 180)
  Rendered posts/_post.html.erb (Duration: 0.1ms | Allocations: 19)
  Rendered posts/index.html.erb within layouts/application (Duration: 4.4ms | Allocations: 1810)
  Rendered layout layouts/application.html.erb (Duration: 39.5ms | Allocations: 4308)
Completed 500 Internal Server Error in 41ms (ActiveRecord: 0.1ms | Allocations: 5127)


  
LoadError (cannot load such file -- sassc):
  
app/views/layouts/application.html.erb:9
Started GET "/posts" for ::1 at 2023-08-02 12:17:19 +0200
Processing by PostsController#index as HTML
  Rendering layout layouts/application.html.erb
  Rendering posts/index.html.erb within layouts/application
  [1m[36mPost Load (0.1ms)[0m  [1m[34mSELECT "posts".* FROM "posts"[0m
  ↳ app/views/posts/index.html.erb:6
  Rendered posts/_post.html.erb (Duration: 0.1ms | Allocations: 20)
  Rendered posts/_post.html.erb (Duration: 0.0ms | Allocations: 19)
  Rendered posts/index.html.erb within layouts/application (Duration: 1.8ms | Allocations: 1315)
  Rendered layout layouts/application.html.erb (Duration: 4.1ms | Allocations: 3572)
Completed 500 Internal Server Error in 5ms (ActiveRecord: 0.1ms | Allocations: 3815)


  
LoadError (cannot load such file -- sassc):
  
app/views/layouts/application.html.erb:9
Started GET "/posts" for ::1 at 2023-08-02 12:17:35 +0200
  [1m[36mActiveRecord::SchemaMigration Pluck (0.1ms)[0m  [1m[34mSELECT "schema_migrations"."version" FROM "schema_migrations" ORDER BY "schema_migrations"."version" ASC[0m
Processing by PostsController#index as HTML
  Rendering layout layouts/application.html.erb
  Rendering posts/index.html.erb within layouts/application
  [1m[36mPost Load (0.2ms)[0m  [1m[34mSELECT "posts".* FROM "posts"[0m
  ↳ app/views/posts/index.html.erb:6
  Rendered posts/_post.html.erb (Duration: 0.3ms | Allocations: 228)
  Rendered posts/_post.html.erb (Duration: 0.0ms | Allocations: 19)
  Rendered posts/index.html.erb within layouts/application (Duration: 9.5ms | Allocations: 6954)
  Rendered layout layouts/application.html.erb (Duration: 3950.3ms | Allocations: 146442)
Completed 200 OK in 3957ms (Views: 3951.9ms | ActiveRecord: 0.6ms | Allocations: 151168)


Started GET "/posts" for ::1 at 2023-08-02 12:17:48 +0200
Processing by PostsController#index as HTML
  Rendering layout layouts/application.html.erb
  Rendering posts/index.html.erb within layouts/application
  [1m[36mPost Load (0.1ms)[0m  [1m[34mSELECT "posts".* FROM "posts"[0m
  ↳ app/views/posts/index.html.erb:6
  Rendered posts/_post.html.erb (Duration: 0.2ms | Allocations: 180)
  Rendered posts/_post.html.erb (Duration: 0.0ms | Allocations: 19)
  Rendered posts/index.html.erb within layouts/application (Duration: 1.9ms | Allocations: 1815)
  Rendered layout layouts/application.html.erb (Duration: 8.5ms | Allocations: 11176)
Completed 200 OK in 10ms (Views: 9.2ms | ActiveRecord: 0.1ms | Allocations: 12032)


Started GET "/posts" for ::1 at 2023-08-02 12:17:49 +0200
Processing by PostsController#index as HTML
  Rendering layout layouts/application.html.erb
  Rendering posts/index.html.erb within layouts/application
  [1m[36mPost Load (0.1ms)[0m  [1m[34mSELECT "posts".* FROM "posts"[0m
  ↳ app/views/posts/index.html.erb:6
  Rendered posts/_post.html.erb (Duration: 0.1ms | Allocations: 20)
  Rendered posts/_post.html.erb (Duration: 0.0ms | Allocations: 19)
  Rendered posts/index.html.erb within layouts/application (Duration: 1.5ms | Allocations: 1337)
  Rendered layout layouts/application.html.erb (Duration: 8.8ms | Allocations: 10298)
Completed 200 OK in 10ms (Views: 9.2ms | ActiveRecord: 0.1ms | Allocations: 10576)


Started GET "/posts" for ::1 at 2023-08-02 12:18:16 +0200
Processing by PostsController#index as HTML
  Rendering layout layouts/application.html.erb
  Rendering posts/index.html.erb within layouts/application
  [1m[36mPost Load (0.1ms)[0m  [1m[34mSELECT "posts".* FROM "posts"[0m
  ↳ app/views/posts/index.html.erb:6
  Rendered posts/_post.html.erb (Duration: 0.5ms | Allocations: 180)
  Rendered posts/_post.html.erb (Duration: 0.0ms | Allocations: 19)
  Rendered posts/index.html.erb within layouts/application (Duration: 3.3ms | Allocations: 1798)
  Rendered layout layouts/application.html.erb (Duration: 8.6ms | Allocations: 11110)
Completed 200 OK in 10ms (Views: 9.4ms | ActiveRecord: 0.1ms | Allocations: 11955)


Started GET "/posts/2" for ::1 at 2023-08-02 12:18:19 +0200
Processing by PostsController#show as HTML
  Parameters: {"id"=>"2"}
  [1m[36mPost Load (0.1ms)[0m  [1m[34mSELECT "posts".* FROM "posts" WHERE "posts"."id" = ? LIMIT ?[0m  [["id", 2], ["LIMIT", 1]]
  ↳ app/controllers/posts_controller.rb:63:in `set_post'
  Rendering layout layouts/application.html.erb
  Rendering posts/show.html.erb within layouts/application
  Rendered posts/show.html.erb within layouts/application (Duration: 1.2ms | Allocations: 1534)
  Rendered layout layouts/application.html.erb (Duration: 1.3ms | Allocations: 1621)
Completed 500 Internal Server Error in 7ms (ActiveRecord: 0.1ms | Allocations: 7093)


  
ActionView::Template::Error (undefined method `each' for nil:NilClass):
    12:       </tr>
    13:     </thead>
    14:     <tbody>
    15:       <% @posts.each do |post| %>
    16:         <tr>
    17:           <td><%= post.title %></td>
    18:           <td><%= truncate(post.content, length: 100) %></td>
  
app/views/posts/show.html.erb:15
Started GET "/posts/2" for ::1 at 2023-08-02 12:18:37 +0200
  [1m[36mActiveRecord::SchemaMigration Pluck (0.1ms)[0m  [1m[34mSELECT "schema_migrations"."version" FROM "schema_migrations" ORDER BY "schema_migrations"."version" ASC[0m
Processing by PostsController#show as HTML
  Parameters: {"id"=>"2"}
  [1m[36mPost Load (0.1ms)[0m  [1m[34mSELECT "posts".* FROM "posts" WHERE "posts"."id" = ? LIMIT ?[0m  [["id", 2], ["LIMIT", 1]]
  ↳ app/controllers/posts_controller.rb:63:in `set_post'
  Rendering layout layouts/application.html.erb
  Rendering posts/show.html.erb within layouts/application
  Rendered posts/show.html.erb within layouts/application (Duration: 1.3ms | Allocations: 1866)
  Rendered layout layouts/application.html.erb (Duration: 1.4ms | Allocations: 1968)
Completed 500 Internal Server Error in 11ms (ActiveRecord: 0.3ms | Allocations: 13226)


  
ActionView::Template::Error (undefined method `each' for nil:NilClass):
    12:       </tr>
    13:     </thead>
    14:     <tbody>
    15:       <% @posts.each do |post| %>
    16:         <tr>
    17:           <td><%= post.title %></td>
    18:           <td><%= truncate(post.content, length: 100) %></td>
  
app/views/posts/show.html.erb:15
Started GET "/posts/2" for ::1 at 2023-08-02 12:18:39 +0200
Processing by PostsController#show as HTML
  Parameters: {"id"=>"2"}
  [1m[36mPost Load (0.1ms)[0m  [1m[34mSELECT "posts".* FROM "posts" WHERE "posts"."id" = ? LIMIT ?[0m  [["id", 2], ["LIMIT", 1]]
  ↳ app/controllers/posts_controller.rb:63:in `set_post'
  Rendering layout layouts/application.html.erb
  Rendering posts/show.html.erb within layouts/application
  Rendered posts/show.html.erb within layouts/application (Duration: 0.3ms | Allocations: 987)
  Rendered layout layouts/application.html.erb (Duration: 0.5ms | Allocations: 1075)
Completed 500 Internal Server Error in 2ms (ActiveRecord: 0.1ms | Allocations: 1810)


  
ActionView::Template::Error (undefined method `each' for nil:NilClass):
    12:       </tr>
    13:     </thead>
    14:     <tbody>
    15:       <% @posts.each do |post| %>
    16:         <tr>
    17:           <td><%= post.title %></td>
    18:           <td><%= truncate(post.content, length: 100) %></td>
  
app/views/posts/show.html.erb:15
Started GET "/posts/2" for ::1 at 2023-08-02 12:19:05 +0200
Processing by PostsController#show as HTML
  Parameters: {"id"=>"2"}
  [1m[36mPost Load (0.1ms)[0m  [1m[34mSELECT "posts".* FROM "posts" WHERE "posts"."id" = ? LIMIT ?[0m  [["id", 2], ["LIMIT", 1]]
  ↳ app/controllers/posts_controller.rb:63:in `set_post'
  Rendering layout layouts/application.html.erb
  Rendering posts/show.html.erb within layouts/application
  Rendered posts/_post.html.erb (Duration: 0.3ms | Allocations: 214)
  Rendered posts/show.html.erb within layouts/application (Duration: 4.3ms | Allocations: 5281)
  Rendered layout layouts/application.html.erb (Duration: 44.9ms | Allocations: 52742)
Completed 200 OK in 48ms (Views: 45.8ms | ActiveRecord: 0.1ms | Allocations: 54125)


Started GET "/posts/2" for ::1 at 2023-08-02 12:19:08 +0200
Processing by PostsController#show as HTML
  Parameters: {"id"=>"2"}
  [1m[36mPost Load (0.1ms)[0m  [1m[34mSELECT "posts".* FROM "posts" WHERE "posts"."id" = ? LIMIT ?[0m  [["id", 2], ["LIMIT", 1]]
  ↳ app/controllers/posts_controller.rb:63:in `set_post'
  Rendering layout layouts/application.html.erb
  Rendering posts/show.html.erb within layouts/application
  Rendered posts/_post.html.erb (Duration: 0.1ms | Allocations: 20)
  Rendered posts/show.html.erb within layouts/application (Duration: 1.0ms | Allocations: 852)
  Rendered layout layouts/application.html.erb (Duration: 5.7ms | Allocations: 9805)
Completed 200 OK in 7ms (Views: 5.9ms | ActiveRecord: 0.1ms | Allocations: 10559)


Started GET "/posts/2" for ::1 at 2023-08-02 12:19:09 +0200
Processing by PostsController#show as HTML
  Parameters: {"id"=>"2"}
  [1m[36mPost Load (0.2ms)[0m  [1m[34mSELECT "posts".* FROM "posts" WHERE "posts"."id" = ? LIMIT ?[0m  [["id", 2], ["LIMIT", 1]]
  ↳ app/controllers/posts_controller.rb:63:in `set_post'
  Rendering layout layouts/application.html.erb
  Rendering posts/show.html.erb within layouts/application
  Rendered posts/_post.html.erb (Duration: 0.1ms | Allocations: 20)
  Rendered posts/show.html.erb within layouts/application (Duration: 1.2ms | Allocations: 828)
  Rendered layout layouts/application.html.erb (Duration: 9.3ms | Allocations: 9780)
Completed 200 OK in 13ms (Views: 9.9ms | ActiveRecord: 0.2ms | Allocations: 10520)


Started GET "/posts/2" for ::1 at 2023-08-02 12:19:09 +0200
Processing by PostsController#show as HTML
  Parameters: {"id"=>"2"}
  [1m[36mPost Load (0.2ms)[0m  [1m[34mSELECT "posts".* FROM "posts" WHERE "posts"."id" = ? LIMIT ?[0m  [["id", 2], ["LIMIT", 1]]
  ↳ app/controllers/posts_controller.rb:63:in `set_post'
  Rendering layout layouts/application.html.erb
  Rendering posts/show.html.erb within layouts/application
  Rendered posts/_post.html.erb (Duration: 0.1ms | Allocations: 20)
  Rendered posts/show.html.erb within layouts/application (Duration: 1.6ms | Allocations: 846)
  Rendered layout layouts/application.html.erb (Duration: 14.4ms | Allocations: 9850)
Completed 200 OK in 18ms (Views: 15.3ms | ActiveRecord: 0.2ms | Allocations: 10591)


Started GET "/posts/2" for ::1 at 2023-08-02 12:19:09 +0200
Processing by PostsController#show as HTML
  Parameters: {"id"=>"2"}
  [1m[36mPost Load (0.1ms)[0m  [1m[34mSELECT "posts".* FROM "posts" WHERE "posts"."id" = ? LIMIT ?[0m  [["id", 2], ["LIMIT", 1]]
  ↳ app/controllers/posts_controller.rb:63:in `set_post'
  Rendering layout layouts/application.html.erb
  Rendering posts/show.html.erb within layouts/application
  Rendered posts/_post.html.erb (Duration: 0.1ms | Allocations: 20)
  Rendered posts/show.html.erb within layouts/application (Duration: 1.5ms | Allocations: 846)
  Rendered layout layouts/application.html.erb (Duration: 8.4ms | Allocations: 9851)
Completed 200 OK in 11ms (Views: 9.0ms | ActiveRecord: 0.1ms | Allocations: 10591)


Started GET "/posts" for ::1 at 2023-08-02 12:19:15 +0200
Processing by PostsController#index as HTML
  Rendering layout layouts/application.html.erb
  Rendering posts/index.html.erb within layouts/application
  [1m[36mPost Load (0.1ms)[0m  [1m[34mSELECT "posts".* FROM "posts"[0m
  ↳ app/views/posts/index.html.erb:6
  Rendered posts/_post.html.erb (Duration: 0.0ms | Allocations: 20)
  Rendered posts/_post.html.erb (Duration: 0.0ms | Allocations: 19)
  Rendered posts/index.html.erb within layouts/application (Duration: 2.4ms | Allocations: 1603)
  Rendered layout layouts/application.html.erb (Duration: 9.5ms | Allocations: 10565)
Completed 200 OK in 11ms (Views: 9.9ms | ActiveRecord: 0.1ms | Allocations: 10919)


Started GET "/posts/1" for ::1 at 2023-08-02 12:19:17 +0200
Processing by PostsController#show as HTML
  Parameters: {"id"=>"1"}
  [1m[36mPost Load (0.1ms)[0m  [1m[34mSELECT "posts".* FROM "posts" WHERE "posts"."id" = ? LIMIT ?[0m  [["id", 1], ["LIMIT", 1]]
  ↳ app/controllers/posts_controller.rb:63:in `set_post'
  Rendering layout layouts/application.html.erb
  Rendering posts/show.html.erb within layouts/application
  Rendered posts/_post.html.erb (Duration: 0.0ms | Allocations: 20)
  Rendered posts/show.html.erb within layouts/application (Duration: 0.7ms | Allocations: 840)
  Rendered layout layouts/application.html.erb (Duration: 8.4ms | Allocations: 9793)
Completed 200 OK in 10ms (Views: 9.0ms | ActiveRecord: 0.1ms | Allocations: 10548)


Started GET "/posts/1" for ::1 at 2023-08-02 12:19:18 +0200
Processing by PostsController#show as HTML
  Parameters: {"id"=>"1"}
  [1m[36mPost Load (0.1ms)[0m  [1m[34mSELECT "posts".* FROM "posts" WHERE "posts"."id" = ? LIMIT ?[0m  [["id", 1], ["LIMIT", 1]]
  ↳ app/controllers/posts_controller.rb:63:in `set_post'
  Rendering layout layouts/application.html.erb
  Rendering posts/show.html.erb within layouts/application
  Rendered posts/_post.html.erb (Duration: 0.0ms | Allocations: 20)
  Rendered posts/show.html.erb within layouts/application (Duration: 1.0ms | Allocations: 846)
  Rendered layout layouts/application.html.erb (Duration: 5.5ms | Allocations: 9798)
Completed 200 OK in 7ms (Views: 5.8ms | ActiveRecord: 0.1ms | Allocations: 10538)


Started GET "/posts/1" for ::1 at 2023-08-02 12:19:19 +0200
Processing by PostsController#show as HTML
  Parameters: {"id"=>"1"}
  [1m[36mPost Load (0.1ms)[0m  [1m[34mSELECT "posts".* FROM "posts" WHERE "posts"."id" = ? LIMIT ?[0m  [["id", 1], ["LIMIT", 1]]
  ↳ app/controllers/posts_controller.rb:63:in `set_post'
  Rendering layout layouts/application.html.erb
  Rendering posts/show.html.erb within layouts/application
  Rendered posts/_post.html.erb (Duration: 0.1ms | Allocations: 20)
  Rendered posts/show.html.erb within layouts/application (Duration: 2.3ms | Allocations: 840)
  Rendered layout layouts/application.html.erb (Duration: 14.9ms | Allocations: 9851)
Completed 200 OK in 18ms (Views: 15.8ms | ActiveRecord: 0.1ms | Allocations: 10592)


Started GET "/posts/1" for ::1 at 2023-08-02 12:19:34 +0200
Processing by PostsController#show as HTML
  Parameters: {"id"=>"1"}
  [1m[36mPost Load (0.1ms)[0m  [1m[34mSELECT "posts".* FROM "posts" WHERE "posts"."id" = ? LIMIT ?[0m  [["id", 1], ["LIMIT", 1]]
  ↳ app/controllers/posts_controller.rb:63:in `set_post'
  Rendering layout layouts/application.html.erb
  Rendering posts/show.html.erb within layouts/application
  Rendered posts/show.html.erb within layouts/application (Duration: 1.0ms | Allocations: 1267)
  Rendered layout layouts/application.html.erb (Duration: 1.2ms | Allocations: 1355)
Completed 500 Internal Server Error in 4ms (ActiveRecord: 0.1ms | Allocations: 2650)


  
ActionView::Template::Error (undefined method `each' for nil:NilClass):
    12:       </tr>
    13:     </thead>
    14:     <tbody>
    15:       <% @posts.each do |post| %>
    16:         <tr>
    17:           <td><%= post.title %></td>
    18:           <td><%= truncate(post.content, length: 100) %></td>
  
app/views/posts/show.html.erb:15
Started GET "/posts/1" for ::1 at 2023-08-02 12:19:39 +0200
Processing by PostsController#show as HTML
  Parameters: {"id"=>"1"}
  [1m[36mPost Load (0.1ms)[0m  [1m[34mSELECT "posts".* FROM "posts" WHERE "posts"."id" = ? LIMIT ?[0m  [["id", 1], ["LIMIT", 1]]
  ↳ app/controllers/posts_controller.rb:63:in `set_post'
  Rendering layout layouts/application.html.erb
  Rendering posts/show.html.erb within layouts/application
  Rendered posts/_post.html.erb (Duration: 0.3ms | Allocations: 180)
  Rendered posts/show.html.erb within layouts/application (Duration: 1.2ms | Allocations: 1320)
  Rendered layout layouts/application.html.erb (Duration: 8.9ms | Allocations: 10681)
Completed 200 OK in 11ms (Views: 9.7ms | ActiveRecord: 0.1ms | Allocations: 11999)


Started GET "/posts/1" for ::1 at 2023-08-02 12:20:22 +0200
Processing by PostsController#show as HTML
  Parameters: {"id"=>"1"}
  [1m[36mPost Load (0.2ms)[0m  [1m[34mSELECT "posts".* FROM "posts" WHERE "posts"."id" = ? LIMIT ?[0m  [["id", 1], ["LIMIT", 1]]
  ↳ app/controllers/posts_controller.rb:63:in `set_post'
  Rendering layout layouts/application.html.erb
  Rendering posts/show.html.erb within layouts/application
  Rendered posts/_post.html.erb (Duration: 0.4ms | Allocations: 180)
  Rendered posts/show.html.erb within layouts/application (Duration: 2.1ms | Allocations: 1341)
  Rendered layout layouts/application.html.erb (Duration: 7.5ms | Allocations: 10640)
Completed 200 OK in 12ms (Views: 9.1ms | ActiveRecord: 0.2ms | Allocations: 11960)


Started GET "/posts" for ::1 at 2023-08-02 12:20:25 +0200
Processing by PostsController#index as HTML
  Rendering layout layouts/application.html.erb
  Rendering posts/index.html.erb within layouts/application
  [1m[36mPost Load (0.1ms)[0m  [1m[34mSELECT "posts".* FROM "posts"[0m
  ↳ app/views/posts/index.html.erb:15
  Rendered posts/index.html.erb within layouts/application (Duration: 2.0ms | Allocations: 1179)
  Rendered layout layouts/application.html.erb (Duration: 11.5ms | Allocations: 10579)
Completed 200 OK in 13ms (Views: 11.8ms | ActiveRecord: 0.1ms | Allocations: 10932)


Started GET "/posts/1" for ::1 at 2023-08-02 12:20:30 +0200
Processing by PostsController#show as HTML
  Parameters: {"id"=>"1"}
  [1m[36mPost Load (0.1ms)[0m  [1m[34mSELECT "posts".* FROM "posts" WHERE "posts"."id" = ? LIMIT ?[0m  [["id", 1], ["LIMIT", 1]]
  ↳ app/controllers/posts_controller.rb:63:in `set_post'
  Rendering layout layouts/application.html.erb
  Rendering posts/show.html.erb within layouts/application
  Rendered posts/_post.html.erb (Duration: 0.2ms | Allocations: 20)
  Rendered posts/show.html.erb within layouts/application (Duration: 2.2ms | Allocations: 846)
  Rendered layout layouts/application.html.erb (Duration: 10.1ms | Allocations: 9799)
Completed 200 OK in 13ms (Views: 11.0ms | ActiveRecord: 0.1ms | Allocations: 10541)


Started GET "/posts/new" for ::1 at 2023-08-02 12:20:41 +0200
Processing by PostsController#new as HTML
  Rendering layout layouts/application.html.erb
  Rendering posts/new.html.erb within layouts/application
  Rendered posts/_form.html.erb (Duration: 8.4ms | Allocations: 6241)
  Rendered posts/new.html.erb within layouts/application (Duration: 9.7ms | Allocations: 6534)
  Rendered layout layouts/application.html.erb (Duration: 14.3ms | Allocations: 15494)
Completed 200 OK in 16ms (Views: 14.9ms | ActiveRecord: 0.0ms | Allocations: 15850)


Started GET "/posts" for ::1 at 2023-08-02 12:21:13 +0200
Processing by PostsController#index as HTML
  Rendering layout layouts/application.html.erb
  Rendering posts/index.html.erb within layouts/application
  [1m[36mPost Load (0.1ms)[0m  [1m[34mSELECT "posts".* FROM "posts"[0m
  ↳ app/views/posts/index.html.erb:15
  Rendered posts/index.html.erb within layouts/application (Duration: 2.8ms | Allocations: 902)
  Rendered layout layouts/application.html.erb (Duration: 13.3ms | Allocations: 10123)
Completed 200 OK in 15ms (Views: 14.0ms | ActiveRecord: 0.1ms | Allocations: 10395)


Started GET "/posts/2" for ::1 at 2023-08-02 12:21:19 +0200
Processing by PostsController#show as HTML
  Parameters: {"id"=>"2"}
  [1m[36mPost Load (0.1ms)[0m  [1m[34mSELECT "posts".* FROM "posts" WHERE "posts"."id" = ? LIMIT ?[0m  [["id", 2], ["LIMIT", 1]]
  ↳ app/controllers/posts_controller.rb:63:in `set_post'
  Rendering layout layouts/application.html.erb
  Rendering posts/show.html.erb within layouts/application
  Rendered posts/_post.html.erb (Duration: 0.0ms | Allocations: 20)
  Rendered posts/show.html.erb within layouts/application (Duration: 0.6ms | Allocations: 588)
  Rendered layout layouts/application.html.erb (Duration: 5.1ms | Allocations: 9542)
Completed 200 OK in 6ms (Views: 5.4ms | ActiveRecord: 0.1ms | Allocations: 10285)


Started GET "/posts/new" for ::1 at 2023-08-02 12:21:24 +0200
Processing by PostsController#new as HTML
  Rendering layout layouts/application.html.erb
  Rendering posts/new.html.erb within layouts/application
  Rendered posts/_form.html.erb (Duration: 2.4ms | Allocations: 970)
  Rendered posts/new.html.erb within layouts/application (Duration: 2.9ms | Allocations: 1059)
  Rendered layout layouts/application.html.erb (Duration: 9.7ms | Allocations: 10019)
Completed 200 OK in 11ms (Views: 10.1ms | ActiveRecord: 0.0ms | Allocations: 10292)


Started GET "/posts/1" for ::1 at 2023-08-02 12:21:54 +0200
Processing by PostsController#show as HTML
  Parameters: {"id"=>"1"}
  [1m[36mPost Load (0.1ms)[0m  [1m[34mSELECT "posts".* FROM "posts" WHERE "posts"."id" = ? LIMIT ?[0m  [["id", 1], ["LIMIT", 1]]
  ↳ app/controllers/posts_controller.rb:63:in `set_post'
  Rendering layout layouts/application.html.erb
  Rendering posts/show.html.erb within layouts/application
  Rendered posts/show.html.erb within layouts/application (Duration: 0.9ms | Allocations: 292)
  Rendered layout layouts/application.html.erb (Duration: 9.0ms | Allocations: 10029)
Completed 200 OK in 13ms (Views: 10.6ms | ActiveRecord: 0.1ms | Allocations: 11348)


Started GET "/posts" for ::1 at 2023-08-02 12:21:59 +0200
Processing by PostsController#index as HTML
  Rendering layout layouts/application.html.erb
  Rendering posts/index.html.erb within layouts/application
  [1m[36mPost Load (0.1ms)[0m  [1m[34mSELECT "posts".* FROM "posts"[0m
  ↳ app/views/posts/index.html.erb:15
  Rendered posts/index.html.erb within layouts/application (Duration: 6.3ms | Allocations: 1173)
  Rendered layout layouts/application.html.erb (Duration: 14.2ms | Allocations: 10640)
Completed 200 OK in 15ms (Views: 14.6ms | ActiveRecord: 0.1ms | Allocations: 10993)


Started GET "/posts/1" for ::1 at 2023-08-02 12:22:01 +0200
Processing by PostsController#show as HTML
  Parameters: {"id"=>"1"}
  [1m[36mPost Load (0.1ms)[0m  [1m[34mSELECT "posts".* FROM "posts" WHERE "posts"."id" = ? LIMIT ?[0m  [["id", 1], ["LIMIT", 1]]
  ↳ app/controllers/posts_controller.rb:63:in `set_post'
  Rendering layout layouts/application.html.erb
  Rendering posts/show.html.erb within layouts/application
  Rendered posts/show.html.erb within layouts/application (Duration: 0.2ms | Allocations: 90)
  Rendered layout layouts/application.html.erb (Duration: 10.2ms | Allocations: 9515)
Completed 200 OK in 13ms (Views: 10.9ms | ActiveRecord: 0.1ms | Allocations: 10258)


Started GET "/posts" for ::1 at 2023-08-02 12:23:07 +0200
Processing by PostsController#index as HTML
  Rendering layout layouts/application.html.erb
  Rendering posts/index.html.erb within layouts/application
  [1m[36mPost Load (0.1ms)[0m  [1m[34mSELECT "posts".* FROM "posts"[0m
  ↳ app/views/posts/index.html.erb:15
  Rendered posts/index.html.erb within layouts/application (Duration: 1.7ms | Allocations: 902)
  Rendered layout layouts/application.html.erb (Duration: 6.4ms | Allocations: 10063)
Completed 200 OK in 7ms (Views: 6.6ms | ActiveRecord: 0.1ms | Allocations: 10333)


Started GET "/posts/2" for ::1 at 2023-08-02 12:23:12 +0200
Processing by PostsController#show as HTML
  Parameters: {"id"=>"2"}
  [1m[36mPost Load (0.1ms)[0m  [1m[34mSELECT "posts".* FROM "posts" WHERE "posts"."id" = ? LIMIT ?[0m  [["id", 2], ["LIMIT", 1]]
  ↳ app/controllers/posts_controller.rb:63:in `set_post'
  Rendering layout layouts/application.html.erb
  Rendering posts/show.html.erb within layouts/application
  Rendered posts/show.html.erb within layouts/application (Duration: 0.3ms | Allocations: 90)
  Rendered layout layouts/application.html.erb (Duration: 10.8ms | Allocations: 9247)
Completed 200 OK in 13ms (Views: 11.3ms | ActiveRecord: 0.1ms | Allocations: 9989)


Started GET "/posts" for ::1 at 2023-08-02 12:23:14 +0200
Processing by PostsController#index as HTML
  Rendering layout layouts/application.html.erb
  Rendering posts/index.html.erb within layouts/application
  [1m[36mPost Load (0.1ms)[0m  [1m[34mSELECT "posts".* FROM "posts"[0m
  ↳ app/views/posts/index.html.erb:15
  Rendered posts/index.html.erb within layouts/application (Duration: 2.6ms | Allocations: 902)
  Rendered layout layouts/application.html.erb (Duration: 9.2ms | Allocations: 10060)
Completed 200 OK in 10ms (Views: 9.5ms | ActiveRecord: 0.1ms | Allocations: 10331)


Started GET "/posts/new" for ::1 at 2023-08-02 12:23:27 +0200
Processing by PostsController#new as HTML
  Rendering layout layouts/application.html.erb
  Rendering posts/new.html.erb within layouts/application
  Rendered posts/_form.html.erb (Duration: 2.7ms | Allocations: 1365)
  Rendered posts/new.html.erb within layouts/application (Duration: 4.0ms | Allocations: 1660)
  Rendered layout layouts/application.html.erb (Duration: 10.8ms | Allocations: 10682)
Completed 200 OK in 12ms (Views: 11.4ms | ActiveRecord: 0.0ms | Allocations: 11011)


Started GET "/posts" for ::1 at 2023-08-02 12:27:22 +0200
Processing by PostsController#index as HTML
  Rendering layout layouts/application.html.erb
  Rendering posts/index.html.erb within layouts/application
  [1m[36mPost Load (0.2ms)[0m  [1m[34mSELECT "posts".* FROM "posts"[0m
  ↳ app/views/posts/index.html.erb:15
  Rendered posts/index.html.erb within layouts/application (Duration: 2.6ms | Allocations: 902)
  Rendered layout layouts/application.html.erb (Duration: 18.0ms | Allocations: 10350)
Completed 200 OK in 21ms (Views: 19.1ms | ActiveRecord: 0.2ms | Allocations: 10711)


Started GET "/posts/new" for ::1 at 2023-08-02 12:27:24 +0200
Processing by PostsController#new as HTML
  Rendering layout layouts/application.html.erb
  Rendering posts/new.html.erb within layouts/application
  Rendered posts/_form.html.erb (Duration: 2.6ms | Allocations: 1228)
  Rendered posts/new.html.erb within layouts/application (Duration: 3.0ms | Allocations: 1317)
  Rendered layout layouts/application.html.erb (Duration: 12.6ms | Allocations: 10277)
Completed 200 OK in 14ms (Views: 13.2ms | ActiveRecord: 0.0ms | Allocations: 10551)


Started GET "/posts" for ::1 at 2023-08-02 12:28:02 +0200
Processing by PostsController#index as HTML
  Rendering layout layouts/application.html.erb
  Rendering posts/index.html.erb within layouts/application
  [1m[36mPost Load (0.2ms)[0m  [1m[34mSELECT "posts".* FROM "posts"[0m
  ↳ app/views/posts/index.html.erb:15
  Rendered posts/index.html.erb within layouts/application (Duration: 3.4ms | Allocations: 1194)
  Rendered layout layouts/application.html.erb (Duration: 17.1ms | Allocations: 10930)
Completed 200 OK in 20ms (Views: 18.5ms | ActiveRecord: 0.2ms | Allocations: 11780)


Started GET "/posts/new" for ::1 at 2023-08-02 12:28:04 +0200
Processing by PostsController#new as HTML
  Rendering layout layouts/application.html.erb
  Rendering posts/new.html.erb within layouts/application
  Rendered posts/_form.html.erb (Duration: 4.4ms | Allocations: 1622)
  Rendered posts/new.html.erb within layouts/application (Duration: 6.3ms | Allocations: 1933)
  Rendered layout layouts/application.html.erb (Duration: 16.8ms | Allocations: 10893)
Completed 200 OK in 19ms (Views: 17.7ms | ActiveRecord: 0.0ms | Allocations: 11222)


Started POST "/posts" for ::1 at 2023-08-02 12:28:09 +0200
Processing by PostsController#create as TURBO_STREAM
  Parameters: {"authenticity_token"=>"[FILTERED]", "post"=>{"title"=>"", "content"=>""}, "commit"=>"Create Post"}
  Rendering layout layouts/application.html.erb
  Rendering posts/new.html.erb within layouts/application
  Rendered posts/_form.html.erb (Duration: 2.3ms | Allocations: 2585)
  Rendered posts/new.html.erb within layouts/application (Duration: 2.6ms | Allocations: 2685)
  Rendered layout layouts/application.html.erb (Duration: 8.1ms | Allocations: 11701)
Completed 422 Unprocessable Entity in 10ms (Views: 8.5ms | ActiveRecord: 0.0ms | Allocations: 13376)


Started GET "/posts/new" for ::1 at 2023-08-02 12:31:04 +0200
Processing by PostsController#new as HTML
  Rendering layout layouts/application.html.erb
  Rendering posts/new.html.erb within layouts/application
  Rendered posts/_form.html.erb (Duration: 1.0ms | Allocations: 972)
  Rendered posts/new.html.erb within layouts/application (Duration: 1.2ms | Allocations: 1072)
  Rendered layout layouts/application.html.erb (Duration: 7.2ms | Allocations: 10033)
Completed 200 OK in 8ms (Views: 7.6ms | ActiveRecord: 0.0ms | Allocations: 10305)


Started GET "/posts" for ::1 at 2023-08-02 12:31:10 +0200
Processing by PostsController#index as HTML
  Rendering layout layouts/application.html.erb
  Rendering posts/index.html.erb within layouts/application
  [1m[36mPost Load (0.1ms)[0m  [1m[34mSELECT "posts".* FROM "posts"[0m
  ↳ app/views/posts/index.html.erb:15
  Rendered posts/index.html.erb within layouts/application (Duration: 2.4ms | Allocations: 904)
  Rendered layout layouts/application.html.erb (Duration: 12.7ms | Allocations: 10070)
Completed 200 OK in 14ms (Views: 13.2ms | ActiveRecord: 0.1ms | Allocations: 10342)


Started GET "/posts" for ::1 at 2023-08-02 12:33:44 +0200
Processing by PostsController#index as HTML
  Rendering layout layouts/application.html.erb
  Rendering posts/index.html.erb within layouts/application
  [1m[36mPost Load (0.1ms)[0m  [1m[34mSELECT "posts".* FROM "posts"[0m
  ↳ app/views/posts/index.html.erb:15
  Rendered posts/index.html.erb within layouts/application (Duration: 2.1ms | Allocations: 902)
  Rendered layout layouts/application.html.erb (Duration: 11.9ms | Allocations: 10291)
Completed 200 OK in 13ms (Views: 12.2ms | ActiveRecord: 0.1ms | Allocations: 10562)


Started GET "/posts/new" for ::1 at 2023-08-02 12:33:45 +0200
Processing by PostsController#new as HTML
  Rendering layout layouts/application.html.erb
  Rendering posts/new.html.erb within layouts/application
  Rendered posts/_form.html.erb (Duration: 3.2ms | Allocations: 1216)
  Rendered posts/new.html.erb within layouts/application (Duration: 3.8ms | Allocations: 1316)
  Rendered layout layouts/application.html.erb (Duration: 18.2ms | Allocations: 10277)
Completed 200 OK in 20ms (Views: 19.1ms | ActiveRecord: 0.0ms | Allocations: 10551)


Started POST "/posts" for ::1 at 2023-08-02 12:34:07 +0200
Processing by PostsController#create as TURBO_STREAM
  Parameters: {"authenticity_token"=>"[FILTERED]", "post"=>{"title"=>"A Good Post", "content"=>"A well put post"}, "commit"=>"Create Post"}
  [1m[36mTRANSACTION (0.1ms)[0m  [1m[36mbegin transaction[0m
  ↳ app/controllers/posts_controller.rb:27:in `block in create'
  [1m[36mPost Create (0.5ms)[0m  [1m[32mINSERT INTO "posts" ("title", "content", "created_at", "updated_at") VALUES (?, ?, ?, ?)[0m  [["title", "A Good Post"], ["content", "A well put post"], ["created_at", "2023-08-02 10:34:07.744216"], ["updated_at", "2023-08-02 10:34:07.744216"]]
  ↳ app/controllers/posts_controller.rb:27:in `block in create'
  [1m[36mTRANSACTION (8.9ms)[0m  [1m[36mcommit transaction[0m
  ↳ app/controllers/posts_controller.rb:27:in `block in create'
Redirected to http://localhost:3000/posts/3
Completed 302 Found in 16ms (ActiveRecord: 9.5ms | Allocations: 3569)


Started GET "/posts/3" for ::1 at 2023-08-02 12:34:07 +0200
Processing by PostsController#show as TURBO_STREAM
  Parameters: {"id"=>"3"}
  [1m[36mPost Load (0.1ms)[0m  [1m[34mSELECT "posts".* FROM "posts" WHERE "posts"."id" = ? LIMIT ?[0m  [["id", 3], ["LIMIT", 1]]
  ↳ app/controllers/posts_controller.rb:63:in `set_post'
  Rendering layout layouts/application.html.erb
  Rendering posts/show.html.erb within layouts/application
  Rendered posts/show.html.erb within layouts/application (Duration: 0.4ms | Allocations: 259)
  Rendered layout layouts/application.html.erb (Duration: 5.7ms | Allocations: 9716)
Completed 200 OK in 7ms (Views: 6.0ms | ActiveRecord: 0.1ms | Allocations: 10584)


Started GET "/posts" for ::1 at 2023-08-02 12:34:16 +0200
Processing by PostsController#index as HTML
  Rendering layout layouts/application.html.erb
  Rendering posts/index.html.erb within layouts/application
  [1m[36mPost Load (0.1ms)[0m  [1m[34mSELECT "posts".* FROM "posts"[0m
  ↳ app/views/posts/index.html.erb:15
  Rendered posts/index.html.erb within layouts/application (Duration: 1.1ms | Allocations: 1055)
  Rendered layout layouts/application.html.erb (Duration: 5.7ms | Allocations: 10459)
Completed 200 OK in 7ms (Views: 5.9ms | ActiveRecord: 0.1ms | Allocations: 10732)


Started GET "/posts/3" for ::1 at 2023-08-02 12:34:22 +0200
Processing by PostsController#show as HTML
  Parameters: {"id"=>"3"}
  [1m[36mPost Load (0.1ms)[0m  [1m[34mSELECT "posts".* FROM "posts" WHERE "posts"."id" = ? LIMIT ?[0m  [["id", 3], ["LIMIT", 1]]
  ↳ app/controllers/posts_controller.rb:63:in `set_post'
  Rendering layout layouts/application.html.erb
  Rendering posts/show.html.erb within layouts/application
  Rendered posts/show.html.erb within layouts/application (Duration: 0.2ms | Allocations: 89)
  Rendered layout layouts/application.html.erb (Duration: 9.9ms | Allocations: 9503)
Completed 200 OK in 12ms (Views: 10.5ms | ActiveRecord: 0.1ms | Allocations: 10246)


Started GET "/posts" for ::1 at 2023-08-02 12:34:25 +0200
Processing by PostsController#index as HTML
  Rendering layout layouts/application.html.erb
  Rendering posts/index.html.erb within layouts/application
  [1m[36mPost Load (0.1ms)[0m  [1m[34mSELECT "posts".* FROM "posts"[0m
  ↳ app/views/posts/index.html.erb:15
  Rendered posts/index.html.erb within layouts/application (Duration: 1.4ms | Allocations: 1055)
  Rendered layout layouts/application.html.erb (Duration: 11.3ms | Allocations: 10463)
Completed 200 OK in 12ms (Views: 11.7ms | ActiveRecord: 0.1ms | Allocations: 10734)


Started GET "/posts/3" for ::1 at 2023-08-02 12:42:28 +0200
Processing by PostsController#show as HTML
  Parameters: {"id"=>"3"}
  [1m[36mPost Load (0.1ms)[0m  [1m[34mSELECT "posts".* FROM "posts" WHERE "posts"."id" = ? LIMIT ?[0m  [["id", 3], ["LIMIT", 1]]
  ↳ app/controllers/posts_controller.rb:63:in `set_post'
  Rendering layout layouts/application.html.erb
  Rendering posts/show.html.erb within layouts/application
  Rendered posts/show.html.erb within layouts/application (Duration: 0.3ms | Allocations: 89)
  Rendered layout layouts/application.html.erb (Duration: 23.3ms | Allocations: 9555)
Completed 200 OK in 26ms (Views: 23.8ms | ActiveRecord: 0.3ms | Allocations: 10459)


Started GET "/posts/3/edit" for ::1 at 2023-08-02 12:42:33 +0200
Processing by PostsController#edit as HTML
  Parameters: {"id"=>"3"}
  [1m[36mPost Load (0.2ms)[0m  [1m[34mSELECT "posts".* FROM "posts" WHERE "posts"."id" = ? LIMIT ?[0m  [["id", 3], ["LIMIT", 1]]
  ↳ app/controllers/posts_controller.rb:63:in `set_post'
  Rendering layout layouts/application.html.erb
  Rendering posts/edit.html.erb within layouts/application
  Rendered posts/_form.html.erb (Duration: 2.9ms | Allocations: 1329)
  Rendered posts/edit.html.erb within layouts/application (Duration: 4.0ms | Allocations: 1621)
  Rendered layout layouts/application.html.erb (Duration: 10.8ms | Allocations: 10631)
Completed 200 OK in 14ms (Views: 11.5ms | ActiveRecord: 0.2ms | Allocations: 11429)


Started GET "/posts" for ::1 at 2023-08-02 12:42:37 +0200
Processing by PostsController#index as HTML
  Rendering layout layouts/application.html.erb
  Rendering posts/index.html.erb within layouts/application
  [1m[36mPost Load (0.2ms)[0m  [1m[34mSELECT "posts".* FROM "posts"[0m
  ↳ app/views/posts/index.html.erb:15
  Rendered posts/index.html.erb within layouts/application (Duration: 1.8ms | Allocations: 1079)
  Rendered layout layouts/application.html.erb (Duration: 14.9ms | Allocations: 10474)
Completed 200 OK in 16ms (Views: 15.3ms | ActiveRecord: 0.2ms | Allocations: 10746)


Started GET "/posts/3" for ::1 at 2023-08-02 12:42:40 +0200
Processing by PostsController#show as HTML
  Parameters: {"id"=>"3"}
  [1m[36mPost Load (0.1ms)[0m  [1m[34mSELECT "posts".* FROM "posts" WHERE "posts"."id" = ? LIMIT ?[0m  [["id", 3], ["LIMIT", 1]]
  ↳ app/controllers/posts_controller.rb:63:in `set_post'
  Rendering layout layouts/application.html.erb
  Rendering posts/show.html.erb within layouts/application
  Rendered posts/show.html.erb within layouts/application (Duration: 0.4ms | Allocations: 89)
  Rendered layout layouts/application.html.erb (Duration: 10.9ms | Allocations: 9512)
Completed 200 OK in 15ms (Views: 12.1ms | ActiveRecord: 0.1ms | Allocations: 10255)


Started GET "/posts/3/edit" for ::1 at 2023-08-02 12:42:45 +0200
Processing by PostsController#edit as HTML
  Parameters: {"id"=>"3"}
  [1m[36mPost Load (0.1ms)[0m  [1m[34mSELECT "posts".* FROM "posts" WHERE "posts"."id" = ? LIMIT ?[0m  [["id", 3], ["LIMIT", 1]]
  ↳ app/controllers/posts_controller.rb:63:in `set_post'
  Rendering layout layouts/application.html.erb
  Rendering posts/edit.html.erb within layouts/application
  Rendered posts/_form.html.erb (Duration: 2.8ms | Allocations: 1310)
  Rendered posts/edit.html.erb within layouts/application (Duration: 3.3ms | Allocations: 1435)
  Rendered layout layouts/application.html.erb (Duration: 13.0ms | Allocations: 10388)
Completed 200 OK in 15ms (Views: 13.6ms | ActiveRecord: 0.1ms | Allocations: 11130)


Started GET "/posts/3" for ::1 at 2023-08-02 12:42:48 +0200
Processing by PostsController#show as HTML
  Parameters: {"id"=>"3"}
  [1m[36mPost Load (0.1ms)[0m  [1m[34mSELECT "posts".* FROM "posts" WHERE "posts"."id" = ? LIMIT ?[0m  [["id", 3], ["LIMIT", 1]]
  ↳ app/controllers/posts_controller.rb:63:in `set_post'
  Rendering layout layouts/application.html.erb
  Rendering posts/show.html.erb within layouts/application
  Rendered posts/show.html.erb within layouts/application (Duration: 0.4ms | Allocations: 89)
  Rendered layout layouts/application.html.erb (Duration: 13.9ms | Allocations: 9558)
Completed 200 OK in 16ms (Views: 14.4ms | ActiveRecord: 0.1ms | Allocations: 10301)


Started GET "/posts" for ::1 at 2023-08-02 12:42:50 +0200
Processing by PostsController#index as HTML
  Rendering layout layouts/application.html.erb
  Rendering posts/index.html.erb within layouts/application
  [1m[36mPost Load (0.2ms)[0m  [1m[34mSELECT "posts".* FROM "posts"[0m
  ↳ app/views/posts/index.html.erb:15
  Rendered posts/index.html.erb within layouts/application (Duration: 2.2ms | Allocations: 1055)
  Rendered layout layouts/application.html.erb (Duration: 14.2ms | Allocations: 10526)
Completed 200 OK in 15ms (Views: 14.7ms | ActiveRecord: 0.2ms | Allocations: 10797)


Started GET "/posts/3/edit" for ::1 at 2023-08-02 12:42:54 +0200
Processing by PostsController#edit as HTML
  Parameters: {"id"=>"3"}
  [1m[36mPost Load (0.1ms)[0m  [1m[34mSELECT "posts".* FROM "posts" WHERE "posts"."id" = ? LIMIT ?[0m  [["id", 3], ["LIMIT", 1]]
  ↳ app/controllers/posts_controller.rb:63:in `set_post'
  Rendering layout layouts/application.html.erb
  Rendering posts/edit.html.erb within layouts/application
  Rendered posts/_form.html.erb (Duration: 2.7ms | Allocations: 1307)
  Rendered posts/edit.html.erb within layouts/application (Duration: 3.1ms | Allocations: 1432)
  Rendered layout layouts/application.html.erb (Duration: 19.9ms | Allocations: 10384)
Completed 200 OK in 22ms (Views: 20.4ms | ActiveRecord: 0.1ms | Allocations: 11127)


Started GET "/posts" for ::1 at 2023-08-02 12:42:56 +0200
Processing by PostsController#index as HTML
  Rendering layout layouts/application.html.erb
  Rendering posts/index.html.erb within layouts/application
  [1m[36mPost Load (0.1ms)[0m  [1m[34mSELECT "posts".* FROM "posts"[0m
  ↳ app/views/posts/index.html.erb:15
  Rendered posts/index.html.erb within layouts/application (Duration: 2.9ms | Allocations: 1055)
  Rendered layout layouts/application.html.erb (Duration: 14.6ms | Allocations: 10465)
Completed 200 OK in 16ms (Views: 15.4ms | ActiveRecord: 0.1ms | Allocations: 10737)


Started GET "/posts/2" for ::1 at 2023-08-02 12:42:59 +0200
Processing by PostsController#show as HTML
  Parameters: {"id"=>"2"}
  [1m[36mPost Load (0.1ms)[0m  [1m[34mSELECT "posts".* FROM "posts" WHERE "posts"."id" = ? LIMIT ?[0m  [["id", 2], ["LIMIT", 1]]
  ↳ app/controllers/posts_controller.rb:63:in `set_post'
  Rendering layout layouts/application.html.erb
  Rendering posts/show.html.erb within layouts/application
  Rendered posts/show.html.erb within layouts/application (Duration: 0.1ms | Allocations: 90)
  Rendered layout layouts/application.html.erb (Duration: 4.6ms | Allocations: 9523)
Completed 200 OK in 6ms (Views: 4.8ms | ActiveRecord: 0.1ms | Allocations: 10265)


Started GET "/posts" for ::1 at 2023-08-02 12:43:02 +0200
Processing by PostsController#index as HTML
  Rendering layout layouts/application.html.erb
  Rendering posts/index.html.erb within layouts/application
  [1m[36mPost Load (0.2ms)[0m  [1m[34mSELECT "posts".* FROM "posts"[0m
  ↳ app/views/posts/index.html.erb:15
  Rendered posts/index.html.erb within layouts/application (Duration: 2.5ms | Allocations: 1055)
  Rendered layout layouts/application.html.erb (Duration: 16.9ms | Allocations: 10524)
Completed 200 OK in 18ms (Views: 17.3ms | ActiveRecord: 0.2ms | Allocations: 10796)


Started GET "/posts" for ::1 at 2023-08-02 12:43:03 +0200
Processing by PostsController#index as HTML
  Rendering layout layouts/application.html.erb
  Rendering posts/index.html.erb within layouts/application
  [1m[36mPost Load (0.1ms)[0m  [1m[34mSELECT "posts".* FROM "posts"[0m
  ↳ app/views/posts/index.html.erb:15
  Rendered posts/index.html.erb within layouts/application (Duration: 1.3ms | Allocations: 1055)
  Rendered layout layouts/application.html.erb (Duration: 6.7ms | Allocations: 10542)
Completed 200 OK in 7ms (Views: 6.9ms | ActiveRecord: 0.1ms | Allocations: 10811)


Started GET "/tasks/new" for ::1 at 2023-08-04 15:47:52 +0200
  [1m[36mActiveRecord::SchemaMigration Pluck (0.3ms)[0m  [1m[34mSELECT "schema_migrations"."version" FROM "schema_migrations" ORDER BY "schema_migrations"."version" ASC[0m
  
ActionController::RoutingError (No route matches [GET] "/tasks/new"):
  
Started GET "/" for ::1 at 2023-08-04 15:47:57 +0200
Processing by Rails::WelcomeController#index as HTML
  Rendering /home/chakama/.rvm/gems/ruby-3.2.2/gems/railties-7.0.6/lib/rails/templates/rails/welcome/index.html.erb
  Rendered /home/chakama/.rvm/gems/ruby-3.2.2/gems/railties-7.0.6/lib/rails/templates/rails/welcome/index.html.erb (Duration: 1.6ms | Allocations: 281)
Completed 200 OK in 9ms (Views: 3.4ms | ActiveRecord: 0.0ms | Allocations: 2248)


Started GET "/" for ::1 at 2023-08-04 15:47:58 +0200
Processing by Rails::WelcomeController#index as HTML
  Rendering /home/chakama/.rvm/gems/ruby-3.2.2/gems/railties-7.0.6/lib/rails/templates/rails/welcome/index.html.erb
  Rendered /home/chakama/.rvm/gems/ruby-3.2.2/gems/railties-7.0.6/lib/rails/templates/rails/welcome/index.html.erb (Duration: 1.5ms | Allocations: 272)
Completed 200 OK in 5ms (Views: 3.4ms | ActiveRecord: 0.0ms | Allocations: 903)


Started GET "/cable" for ::1 at 2023-08-04 15:47:58 +0200
Started GET "/cable" [WebSocket] for ::1 at 2023-08-04 15:47:59 +0200
Successfully upgraded to WebSocket (REQUEST_METHOD: GET, HTTP_CONNECTION: Upgrade, HTTP_UPGRADE: websocket)
Started GET "/cable" for ::1 at 2023-08-04 15:47:59 +0200
Started GET "/cable" [WebSocket] for ::1 at 2023-08-04 15:47:59 +0200
Successfully upgraded to WebSocket (REQUEST_METHOD: GET, HTTP_CONNECTION: Upgrade, HTTP_UPGRADE: websocket)
Started GET "/" for ::1 at 2023-08-04 15:48:00 +0200
Processing by Rails::WelcomeController#index as HTML
  Rendering /home/chakama/.rvm/gems/ruby-3.2.2/gems/railties-7.0.6/lib/rails/templates/rails/welcome/index.html.erb
  Rendered /home/chakama/.rvm/gems/ruby-3.2.2/gems/railties-7.0.6/lib/rails/templates/rails/welcome/index.html.erb (Duration: 0.1ms | Allocations: 14)
Completed 200 OK in 2ms (Views: 1.1ms | ActiveRecord: 0.0ms | Allocations: 216)


Started GET "/" for ::1 at 2023-08-04 15:48:01 +0200
Processing by Rails::WelcomeController#index as HTML
  Rendering /home/chakama/.rvm/gems/ruby-3.2.2/gems/railties-7.0.6/lib/rails/templates/rails/welcome/index.html.erb
  Rendered /home/chakama/.rvm/gems/ruby-3.2.2/gems/railties-7.0.6/lib/rails/templates/rails/welcome/index.html.erb (Duration: 0.1ms | Allocations: 14)
Completed 200 OK in 1ms (Views: 0.6ms | ActiveRecord: 0.0ms | Allocations: 214)


Started GET "/" for ::1 at 2023-08-04 15:48:01 +0200
Processing by Rails::WelcomeController#index as HTML
  Rendering /home/chakama/.rvm/gems/ruby-3.2.2/gems/railties-7.0.6/lib/rails/templates/rails/welcome/index.html.erb
  Rendered /home/chakama/.rvm/gems/ruby-3.2.2/gems/railties-7.0.6/lib/rails/templates/rails/welcome/index.html.erb (Duration: 0.2ms | Allocations: 14)
Completed 200 OK in 2ms (Views: 1.0ms | ActiveRecord: 0.0ms | Allocations: 214)


Started GET "/" for ::1 at 2023-08-04 15:48:27 +0200
  [1m[36mActiveRecord::SchemaMigration Pluck (0.1ms)[0m  [1m[34mSELECT "schema_migrations"."version" FROM "schema_migrations" ORDER BY "schema_migrations"."version" ASC[0m
Processing by Rails::WelcomeController#index as HTML
  Rendering /home/chakama/.rvm/gems/ruby-3.2.2/gems/railties-7.0.6/lib/rails/templates/rails/welcome/index.html.erb
  Rendered /home/chakama/.rvm/gems/ruby-3.2.2/gems/railties-7.0.6/lib/rails/templates/rails/welcome/index.html.erb (Duration: 1.6ms | Allocations: 489)
Completed 200 OK in 13ms (Views: 4.2ms | ActiveRecord: 0.0ms | Allocations: 4238)


Started GET "/" for ::1 at 2023-08-04 15:48:28 +0200
Processing by Rails::WelcomeController#index as HTML
  Rendering /home/chakama/.rvm/gems/ruby-3.2.2/gems/railties-7.0.6/lib/rails/templates/rails/welcome/index.html.erb
  Rendered /home/chakama/.rvm/gems/ruby-3.2.2/gems/railties-7.0.6/lib/rails/templates/rails/welcome/index.html.erb (Duration: 1.3ms | Allocations: 272)
Completed 200 OK in 4ms (Views: 3.0ms | ActiveRecord: 0.0ms | Allocations: 907)


Started GET "/" for ::1 at 2023-08-04 15:48:34 +0200
Processing by Rails::WelcomeController#index as HTML
  Rendering /home/chakama/.rvm/gems/ruby-3.2.2/gems/railties-7.0.6/lib/rails/templates/rails/welcome/index.html.erb
  Rendered /home/chakama/.rvm/gems/ruby-3.2.2/gems/railties-7.0.6/lib/rails/templates/rails/welcome/index.html.erb (Duration: 0.1ms | Allocations: 14)
Completed 200 OK in 2ms (Views: 1.2ms | ActiveRecord: 0.0ms | Allocations: 217)


Started GET "/cable" for ::1 at 2023-08-04 15:48:58 +0200
Started GET "/cable" [WebSocket] for ::1 at 2023-08-04 15:48:58 +0200
Successfully upgraded to WebSocket (REQUEST_METHOD: GET, HTTP_CONNECTION: Upgrade, HTTP_UPGRADE: websocket)
Started GET "/cable" for ::1 at 2023-08-04 15:48:59 +0200
Started GET "/cable" [WebSocket] for ::1 at 2023-08-04 15:48:59 +0200
Successfully upgraded to WebSocket (REQUEST_METHOD: GET, HTTP_CONNECTION: Upgrade, HTTP_UPGRADE: websocket)
Started GET "/" for ::1 at 2023-08-04 15:49:26 +0200
Processing by PostsController#index as HTML
  Rendering layout layouts/application.html.erb
  Rendering posts/index.html.erb within layouts/application
  [1m[36mPost Load (0.1ms)[0m  [1m[34mSELECT "posts".* FROM "posts"[0m
  ↳ app/views/posts/index.html.erb:15
  Rendered posts/index.html.erb within layouts/application (Duration: 13.9ms | Allocations: 6022)
  Rendered layout layouts/application.html.erb (Duration: 112.1ms | Allocations: 53722)
Completed 200 OK in 116ms (Views: 114.1ms | ActiveRecord: 1.9ms | Allocations: 55482)


Started GET "/posts/1" for ::1 at 2023-08-04 15:49:33 +0200
Processing by PostsController#show as HTML
  Parameters: {"id"=>"1"}
  [1m[36mPost Load (0.3ms)[0m  [1m[34mSELECT "posts".* FROM "posts" WHERE "posts"."id" = ? LIMIT ?[0m  [["id", 1], ["LIMIT", 1]]
  ↳ app/controllers/posts_controller.rb:63:in `set_post'
  Rendering layout layouts/application.html.erb
  Rendering posts/show.html.erb within layouts/application
  Rendered posts/show.html.erb within layouts/application (Duration: 1.9ms | Allocations: 271)
  Rendered layout layouts/application.html.erb (Duration: 30.0ms | Allocations: 9536)
Completed 200 OK in 46ms (Views: 30.8ms | ActiveRecord: 0.3ms | Allocations: 14994)


Started GET "/posts" for ::1 at 2023-08-04 15:49:35 +0200
Processing by PostsController#index as HTML
  Rendering layout layouts/application.html.erb
  Rendering posts/index.html.erb within layouts/application
  [1m[36mPost Load (0.2ms)[0m  [1m[34mSELECT "posts".* FROM "posts"[0m
  ↳ app/views/posts/index.html.erb:15
  Rendered posts/index.html.erb within layouts/application (Duration: 3.8ms | Allocations: 1060)
  Rendered layout layouts/application.html.erb (Duration: 14.1ms | Allocations: 10320)
Completed 200 OK in 16ms (Views: 14.7ms | ActiveRecord: 0.2ms | Allocations: 10595)


Started GET "/posts/1" for ::1 at 2023-08-04 15:49:40 +0200
Processing by PostsController#show as HTML
  Parameters: {"id"=>"1"}
  [1m[36mPost Load (0.2ms)[0m  [1m[34mSELECT "posts".* FROM "posts" WHERE "posts"."id" = ? LIMIT ?[0m  [["id", 1], ["LIMIT", 1]]
  ↳ app/controllers/posts_controller.rb:63:in `set_post'
  Rendering layout layouts/application.html.erb
  Rendering posts/show.html.erb within layouts/application
  Rendered posts/show.html.erb within layouts/application (Duration: 0.4ms | Allocations: 90)
  Rendered layout layouts/application.html.erb (Duration: 17.3ms | Allocations: 9312)
Completed 200 OK in 21ms (Views: 18.1ms | ActiveRecord: 0.2ms | Allocations: 10066)


Started GET "/posts" for ::1 at 2023-08-04 15:49:42 +0200
Processing by PostsController#index as HTML
  Rendering layout layouts/application.html.erb
  Rendering posts/index.html.erb within layouts/application
  [1m[36mPost Load (0.2ms)[0m  [1m[34mSELECT "posts".* FROM "posts"[0m
  ↳ app/views/posts/index.html.erb:15
  Rendered posts/index.html.erb within layouts/application (Duration: 3.2ms | Allocations: 1055)
  Rendered layout layouts/application.html.erb (Duration: 16.2ms | Allocations: 10285)
Completed 200 OK in 18ms (Views: 17.0ms | ActiveRecord: 0.2ms | Allocations: 10556)


Started GET "/cable" for ::1 at 2023-08-04 15:49:58 +0200
Started GET "/cable" [WebSocket] for ::1 at 2023-08-04 15:49:59 +0200
Successfully upgraded to WebSocket (REQUEST_METHOD: GET, HTTP_CONNECTION: Upgrade, HTTP_UPGRADE: websocket)
Started GET "/cable" for ::1 at 2023-08-04 15:49:59 +0200
Started GET "/cable" [WebSocket] for ::1 at 2023-08-04 15:49:59 +0200
Successfully upgraded to WebSocket (REQUEST_METHOD: GET, HTTP_CONNECTION: Upgrade, HTTP_UPGRADE: websocket)
Started GET "/posts.json" for ::1 at 2023-08-04 15:53:12 +0200
Processing by PostsController#index as JSON
  Rendering posts/index.json.jbuilder
  [1m[36mPost Load (0.1ms)[0m  [1m[34mSELECT "posts".* FROM "posts"[0m
  ↳ app/views/posts/index.json.jbuilder:1
  Rendered collection of posts/_post.json.jbuilder [3 times] (Duration: 0.8ms | Allocations: 618)
  Rendered posts/index.json.jbuilder (Duration: 5.4ms | Allocations: 3625)
Completed 200 OK in 8ms (Views: 6.6ms | ActiveRecord: 0.6ms | Allocations: 5092)


Started GET "/posts/1" for ::1 at 2023-08-04 15:55:22 +0200
Processing by PostsController#show as HTML
  Parameters: {"id"=>"1"}
  [1m[36mPost Load (0.2ms)[0m  [1m[34mSELECT "posts".* FROM "posts" WHERE "posts"."id" = ? LIMIT ?[0m  [["id", 1], ["LIMIT", 1]]
  ↳ app/controllers/posts_controller.rb:63:in `set_post'
  Rendering layout layouts/application.html.erb
  Rendering posts/show.html.erb within layouts/application
  Rendered posts/show.html.erb within layouts/application (Duration: 0.4ms | Allocations: 114)
  Rendered layout layouts/application.html.erb (Duration: 30.1ms | Allocations: 20923)
Completed 200 OK in 35ms (Views: 31.5ms | ActiveRecord: 0.2ms | Allocations: 22280)


Started GET "/posts/1.json" for ::1 at 2023-08-04 15:55:28 +0200
Processing by PostsController#show as JSON
  Parameters: {"id"=>"1"}
  [1m[36mPost Load (0.1ms)[0m  [1m[34mSELECT "posts".* FROM "posts" WHERE "posts"."id" = ? LIMIT ?[0m  [["id", 1], ["LIMIT", 1]]
  ↳ app/controllers/posts_controller.rb:63:in `set_post'
  Rendering posts/show.json.jbuilder
  Rendered posts/_post.json.jbuilder (Duration: 2.7ms | Allocations: 196)
  Rendered posts/show.json.jbuilder (Duration: 5.1ms | Allocations: 488)
Completed 200 OK in 8ms (Views: 6.0ms | ActiveRecord: 0.1ms | Allocations: 1284)


